# JRE version: OpenJDK Runtime Environment (11.0.8+10) (build 11.0.8+10-b944.6842174)
# Java VM: OpenJDK 64-Bit Server VM (11.0.8+10-b944.6842174, mixed mode, tiered, compressed oops, g1 gc, windows-amd64)
Heap:
 garbage-first heap   total 487424K, used 175700K [0x0000000080000000, 0x0000000100000000)
  region size 1024K, 2 young (2048K), 2 survivors (2048K)
 Metaspace       used 129634K, capacity 132518K, committed 132936K, reserved 1165312K
  class space    used 16198K, capacity 17261K, committed 17408K, reserved 1048576K
GC Heap History (20 events):
Event: 3643.297 GC heap after
{Heap after GC invocations=108 (full 0):
 garbage-first heap   total 306176K, used 110364K [0x0000000080000000, 0x0000000100000000)
  region size 1024K, 2 young (2048K), 2 survivors (2048K)
 Metaspace       used 108760K, capacity 111113K, committed 112200K, reserved 1146880K
  class space    used 13666K, capacity 14482K, committed 14848K, reserved 1048576K
}
Event: 3643.828 GC heap before
{Heap before GC invocations=108 (full 0):
 garbage-first heap   total 306176K, used 121628K [0x0000000080000000, 0x0000000100000000)
  region size 1024K, 14 young (14336K), 2 survivors (2048K)
 Metaspace       used 109248K, capacity 111634K, committed 112712K, reserved 1146880K
  class space    used 13714K, capacity 14549K, committed 14848K, reserved 1048576K
}
Event: 3643.864 GC heap after
{Heap after GC invocations=109 (full 0):
 garbage-first heap   total 306176K, used 107960K [0x0000000080000000, 0x0000000100000000)
  region size 1024K, 2 young (2048K), 2 survivors (2048K)
 Metaspace       used 109248K, capacity 111634K, committed 112712K, reserved 1146880K
  class space    used 13714K, capacity 14549K, committed 14848K, reserved 1048576K
}
Event: 3662.035 GC heap before
{Heap before GC invocations=109 (full 0):
 garbage-first heap   total 306176K, used 167352K [0x0000000080000000, 0x0000000100000000)
  region size 1024K, 61 young (62464K), 2 survivors (2048K)
 Metaspace       used 110461K, capacity 112850K, committed 113864K, reserved 1148928K
  class space    used 13842K, capacity 14699K, committed 14976K, reserved 1048576K
}
Event: 3662.272 GC heap after
{Heap after GC invocations=110 (full 0):
 garbage-first heap   total 306176K, used 114688K [0x0000000080000000, 0x0000000100000000)
  region size 1024K, 8 young (8192K), 8 survivors (8192K)
 Metaspace       used 110461K, capacity 112850K, committed 113864K, reserved 1148928K
  class space    used 13842K, capacity 14699K, committed 14976K, reserved 1048576K
}
Event: 3664.563 GC heap before
{Heap before GC invocations=110 (full 0):
 garbage-first heap   total 306176K, used 148480K [0x0000000080000000, 0x0000000100000000)
  region size 1024K, 42 young (43008K), 8 survivors (8192K)
 Metaspace       used 111139K, capacity 113564K, committed 114504K, reserved 1148928K
  class space    used 13900K, capacity 14766K, committed 15104K, reserved 1048576K
}
Event: 3664.608 GC heap after
{Heap after GC invocations=111 (full 0):
 garbage-first heap   total 306176K, used 113557K [0x0000000080000000, 0x0000000100000000)
  region size 1024K, 2 young (2048K), 2 survivors (2048K)
 Metaspace       used 111139K, capacity 113564K, committed 114504K, reserved 1148928K
  class space    used 13900K, capacity 14766K, committed 15104K, reserved 1048576K
}
Event: 3668.806 GC heap before
{Heap before GC invocations=111 (full 0):
 garbage-first heap   total 306176K, used 168853K [0x0000000080000000, 0x0000000100000000)
  region size 1024K, 57 young (58368K), 2 survivors (2048K)
 Metaspace       used 117002K, capacity 119511K, committed 120392K, reserved 1155072K
  class space    used 14682K, capacity 15599K, committed 15872K, reserved 1048576K
}
Event: 3668.853 GC heap after
{Heap after GC invocations=112 (full 0):
 garbage-first heap   total 306176K, used 117147K [0x0000000080000000, 0x0000000100000000)
  region size 1024K, 5 young (5120K), 5 survivors (5120K)
 Metaspace       used 117002K, capacity 119511K, committed 120392K, reserved 1155072K
  class space    used 14682K, capacity 15599K, committed 15872K, reserved 1048576K
}
Event: 3675.174 GC heap before
{Heap before GC invocations=112 (full 0):
 garbage-first heap   total 306176K, used 185755K [0x0000000080000000, 0x0000000100000000)
  region size 1024K, 67 young (68608K), 5 survivors (5120K)
 Metaspace       used 120776K, capacity 123355K, committed 123720K, reserved 1157120K
  class space    used 15104K, capacity 16013K, committed 16128K, reserved 1048576K
}
Event: 3675.273 GC heap after
{Heap after GC invocations=113 (full 0):
 garbage-first heap   total 306176K, used 124712K [0x0000000080000000, 0x0000000100000000)
  region size 1024K, 8 young (8192K), 8 survivors (8192K)
 Metaspace       used 120776K, capacity 123355K, committed 123720K, reserved 1157120K
  class space    used 15104K, capacity 16013K, committed 16128K, reserved 1048576K
}
Event: 3679.354 GC heap before
{Heap before GC invocations=113 (full 0):
 garbage-first heap   total 306176K, used 193320K [0x0000000080000000, 0x0000000100000000)
  region size 1024K, 76 young (77824K), 8 survivors (8192K)
 Metaspace       used 126731K, capacity 129611K, committed 129736K, reserved 1163264K
  class space    used 15909K, capacity 16973K, committed 17024K, reserved 1048576K
}
Event: 3679.581 GC heap after
{Heap after GC invocations=114 (full 0):
 garbage-first heap   total 306176K, used 134792K [0x0000000080000000, 0x0000000100000000)
  region size 1024K, 10 young (10240K), 10 survivors (10240K)
 Metaspace       used 126731K, capacity 129611K, committed 129736K, reserved 1163264K
  class space    used 15909K, capacity 16973K, committed 17024K, reserved 1048576K
}
Event: 3679.892 GC heap before
{Heap before GC invocations=114 (full 0):
 garbage-first heap   total 306176K, used 146056K [0x0000000080000000, 0x0000000100000000)
  region size 1024K, 22 young (22528K), 10 survivors (10240K)
 Metaspace       used 127224K, capacity 130162K, committed 130376K, reserved 1163264K
  class space    used 15972K, capacity 17049K, committed 17152K, reserved 1048576K
}
Event: 3679.979 GC heap after
{Heap after GC invocations=115 (full 0):
 garbage-first heap   total 306176K, used 139197K [0x0000000080000000, 0x0000000100000000)
  region size 1024K, 3 young (3072K), 3 survivors (3072K)
 Metaspace       used 127224K, capacity 130162K, committed 130376K, reserved 1163264K
  class space    used 15972K, capacity 17049K, committed 17152K, reserved 1048576K
}
Event: 3683.755 GC heap before
{Heap before GC invocations=115 (full 0):
 garbage-first heap   total 306176K, used 161725K [0x0000000080000000, 0x0000000100000000)
  region size 1024K, 25 young (25600K), 3 survivors (3072K)
 Metaspace       used 128582K, capacity 131599K, committed 131656K, reserved 1163264K
  class space    used 16040K, capacity 17136K, committed 17152K, reserved 1048576K
}
Event: 3683.832 GC heap after
{Heap after GC invocations=116 (full 0):
 garbage-first heap   total 306176K, used 135101K [0x0000000080000000, 0x0000000100000000)
  region size 1024K, 1 young (1024K), 1 survivors (1024K)
 Metaspace       used 128582K, capacity 131599K, committed 131656K, reserved 1163264K
  class space    used 16040K, capacity 17136K, committed 17152K, reserved 1048576K
}
Event: 3692.420 GC heap before
{Heap before GC invocations=117 (full 0):
 garbage-first heap   total 306176K, used 220093K [0x0000000080000000, 0x0000000100000000)
  region size 1024K, 71 young (72704K), 1 survivors (1024K)
 Metaspace       used 129632K, capacity 132518K, committed 132936K, reserved 1165312K
  class space    used 16198K, capacity 17261K, committed 17408K, reserved 1048576K
}
Event: 3693.113 GC heap after
{Heap after GC invocations=118 (full 0):
 garbage-first heap   total 306176K, used 176913K [0x0000000080000000, 0x0000000100000000)
  region size 1024K, 9 young (9216K), 9 survivors (9216K)
 Metaspace       used 129632K, capacity 132518K, committed 132936K, reserved 1165312K
  class space    used 16198K, capacity 17261K, committed 17408K, reserved 1048576K
}
Event: 3693.294 GC heap before
{Heap before GC invocations=118 (full 0):
 garbage-first heap   total 306176K, used 182033K [0x0000000080000000, 0x0000000100000000)
  region size 1024K, 14 young (14336K), 9 survivors (9216K)
 Metaspace       used 129634K, capacity 132518K, committed 132936K, reserved 1165312K
  class space    used 16198K, capacity 17261K, committed 17408K, reserved 1048576K
}

